#
# There is insufficient memory for the Java Runtime Environment to continue.
# Native memory allocation (mmap) failed to map 266338304 bytes for G1 virtual space
# Possible reasons:
#   The system is out of physical RAM or swap space
#   The process is running with CompressedOops enabled, and the Java Heap may be blocking the growth of the native heap
# Possible solutions:
#   Reduce memory load on the system
#   Increase physical memory or swap space
#   Check if swap backing store is full
#   Decrease Java heap size (-Xmx/-Xms)
#   Decrease number of Java threads
#   Decrease Java thread stack sizes (-Xss)
#   Set larger code cache with -XX:ReservedCodeCacheSize=
#   JVM is running with Zero Based Compressed Oops mode in which the Java heap is
#     placed in the first 32GB address space. The Java Heap base address is the
#     maximum limit for the native heap growth. Please use -XX:HeapBaseMinAddress
#     to set the Java Heap base and to place the Java Heap above 32GB virtual address.
# This output file may be truncated or incomplete.
#
#  Out of Memory Error (os_windows.cpp:3769), pid=3060, tid=14284
#
# JRE version:  (17.0.6) (build )
# Java VM: OpenJDK 64-Bit Server VM (17.0.6+0-b2043.56-10027231, mixed mode, sharing, tiered, compressed oops, compressed class ptrs, g1 gc, windows-amd64)
# No core dump will be written. Minidumps are not enabled by default on client versions of Windows
#

---------------  S U M M A R Y ------------

Command Line: git4idea.http.GitAskPassApp Username for 'https://github.com': 

Host: Intel(R) Core(TM) i7-6700HQ CPU @ 2.60GHz, 8 cores, 15G,  Windows 10 , 64 bit Build 18362 (10.0.18362.1500)
Time: Thu Oct 12 16:37:54 2023 Малайское время (зима) elapsed time: 3.918431 seconds (0d 0h 0m 3s)

---------------  T H R E A D  ---------------

Current thread (0x0000021a8514bb60):  JavaThread "Unknown thread" [_thread_in_vm, id=14284, stack(0x0000008b8ad00000,0x0000008b8ae00000)]

Stack: [0x0000008b8ad00000,0x0000008b8ae00000]
Native frames: (J=compiled Java code, j=interpreted, Vv=VM code, C=native code)
V  [jvm.dll+0x683c9a]
V  [jvm.dll+0x8427a4]
V  [jvm.dll+0x843f9e]
V  [jvm.dll+0x844603]
V  [jvm.dll+0x249b75]
V  [jvm.dll+0x680b69]
V  [jvm.dll+0x67505a]
V  [jvm.dll+0x309acb]
V  [jvm.dll+0x310f86]
V  [jvm.dll+0x3608ee]
V  [jvm.dll+0x360b1f]
V  [jvm.dll+0x2dfbf8]
V  [jvm.dll+0x2e0b64]
V  [jvm.dll+0x814091]
V  [jvm.dll+0x36e6a1]
V  [jvm.dll+0x7f35cc]
V  [jvm.dll+0x3f0e8f]
V  [jvm.dll+0x3f29d1]
C  [jli.dll+0x526b]
C  [ucrtbase.dll+0x210b2]
C  [KERNEL32.DLL+0x17c24]
C  [ntdll.dll+0x6d721]


---------------  P R O C E S S  ---------------

Threads class SMR info:
_java_thread_list=0x00007ff96663c058, length=0, elements={
}

Java Threads: ( => current thread )

Other Threads:
  0x0000021a851b7ab0 GCTaskThread "GC Thread#0" [stack: 0x0000008b8ae00000,0x0000008b8af00000] [id=16672]
  0x0000021a851c9710 ConcurrentGCThread "G1 Main Marker" [stack: 0x0000008b8af00000,0x0000008b8b000000] [id=15904]
  0x0000021a851ca7d0 ConcurrentGCThread "G1 Conc#0" [stack: 0x0000008b8b000000,0x0000008b8b100000] [id=10036]

[error occurred during error reporting (printing all threads), id 0xc0000005, EXCEPTION_ACCESS_VIOLATION (0xc0000005) at pc=0x00007ff965df0797]

VM state: not at safepoint (not fully initialized)

VM Mutex/Monitor currently owned by a thread:  ([mutex/lock_event])
[0x0000021a85149030] Heap_lock - owner thread: 0x0000021a8514bb60

Heap address: 0x0000000702000000, size: 4064 MB, Compressed Oops mode: Zero based, Oop shift amount: 3

CDS archive(s) mapped at: [0x0000000000000000-0x0000000000000000-0x0000000000000000), size 0, SharedBaseAddress: 0x0000000800000000, ArchiveRelocationMode: 0.
Narrow klass base: 0x0000000000000000, Narrow klass shift: 0, Narrow klass range: 0x0

GC Precious Log:
<Empty>

Heap:
 garbage-first heap   total 0K, used 0K [0x0000000702000000, 0x0000000800000000)
  region size 2048K, 0 young (0K), 0 survivors (0K)

[error occurred during error reporting (printing heap information), id 0xc0000005, EXCEPTION_ACCESS_VIOLATION (0xc0000005) at pc=0x00007ff9661dda89]

GC Heap History (0 events):
No events

Dll operation events (1 events):
Event: 3.850 Loaded shared library C:\Program Files\Android\Android Studio\jbr\bin\java.dll

Deoptimization events (0 events):
No events

Classes unloaded (0 events):
No events

Classes redefined (0 events):
No events

Internal exceptions (0 events):
No events

VM Operations (0 events):
No events

Events (0 events):
No events


Dynamic libraries:
0x00007ff750170000 - 0x00007ff75017a000 	C:\Program Files\Android\Android Studio\jbr\bin\java.exe
0x00007ff9d2b40000 - 0x00007ff9d2d30000 	C:\Windows\SYSTEM32\ntdll.dll
0x00007ff9d1d60000 - 0x00007ff9d1e12000 	C:\Windows\System32\KERNEL32.DLL
0x00007ff9d08f0000 - 0x00007ff9d0b95000 	C:\Windows\System32\KERNELBASE.dll
0x00007ff9cfd90000 - 0x00007ff9cfe8a000 	C:\Windows\System32\ucrtbase.dll
0x00007ff9bd020000 - 0x00007ff9bd03b000 	C:\Program Files\Android\Android Studio\jbr\bin\VCRUNTIME140.dll
0x00007ff9aeff0000 - 0x00007ff9af007000 	C:\Program Files\Android\Android Studio\jbr\bin\jli.dll
0x00007ff9d0ea0000 - 0x00007ff9d1034000 	C:\Windows\System32\USER32.dll
0x00007ff9cfc10000 - 0x00007ff9cfc31000 	C:\Windows\System32\win32u.dll
0x00007ff9c4b30000 - 0x00007ff9c4db4000 	C:\Windows\WinSxS\amd64_microsoft.windows.common-controls_6595b64144ccf1df_6.0.18362.1500_none_9e79be6de462295c\COMCTL32.dll
0x00007ff9d0d10000 - 0x00007ff9d0d36000 	C:\Windows\System32\GDI32.dll
0x00007ff9cfe90000 - 0x00007ff9d0028000 	C:\Windows\System32\gdi32full.dll
0x00007ff9d1040000 - 0x00007ff9d10de000 	C:\Windows\System32\msvcrt.dll
0x00007ff9cfc40000 - 0x00007ff9cfcde000 	C:\Windows\System32\msvcp_win.dll
0x00007ff9d2650000 - 0x00007ff9d2986000 	C:\Windows\System32\combase.dll
0x00007ff9d1be0000 - 0x00007ff9d1cff000 	C:\Windows\System32\RPCRT4.dll
0x00007ff9d0830000 - 0x00007ff9d08b1000 	C:\Windows\System32\bcryptPrimitives.dll
0x00007ff9d2ad0000 - 0x00007ff9d2afe000 	C:\Windows\System32\IMM32.DLL
0x00007ff9bd050000 - 0x00007ff9bd05c000 	C:\Program Files\Android\Android Studio\jbr\bin\vcruntime140_1.dll
0x00007ff9a3650000 - 0x00007ff9a36dd000 	C:\Program Files\Android\Android Studio\jbr\bin\msvcp140.dll
0x00007ff965b00000 - 0x00007ff96676e000 	C:\Program Files\Android\Android Studio\jbr\bin\server\jvm.dll
0x00007ff9d1b30000 - 0x00007ff9d1bd3000 	C:\Windows\System32\ADVAPI32.dll
0x00007ff9d20c0000 - 0x00007ff9d2157000 	C:\Windows\System32\sechost.dll
0x00007ff9cc9a0000 - 0x00007ff9cc9c4000 	C:\Windows\SYSTEM32\WINMM.dll
0x00007ff9ce490000 - 0x00007ff9ce499000 	C:\Windows\SYSTEM32\WSOCK32.dll
0x00007ff9c87c0000 - 0x00007ff9c87ca000 	C:\Windows\SYSTEM32\VERSION.dll
0x00007ff9d13c0000 - 0x00007ff9d142f000 	C:\Windows\System32\WS2_32.dll
0x00007ff9cc790000 - 0x00007ff9cc7bd000 	C:\Windows\SYSTEM32\winmmbase.dll
0x00007ff9d0ba0000 - 0x00007ff9d0bea000 	C:\Windows\System32\cfgmgr32.dll
0x00007ff9cfa20000 - 0x00007ff9cfa31000 	C:\Windows\System32\kernel.appcore.dll
0x00007ff9bd040000 - 0x00007ff9bd04a000 	C:\Program Files\Android\Android Studio\jbr\bin\jimage.dll
0x00007ff9ce270000 - 0x00007ff9ce464000 	C:\Windows\SYSTEM32\DBGHELP.DLL
0x00007ff9b76c0000 - 0x00007ff9b76ea000 	C:\Windows\SYSTEM32\dbgcore.DLL
0x00007ff9bb7c0000 - 0x00007ff9bb7e5000 	C:\Program Files\Android\Android Studio\jbr\bin\java.dll

dbghelp: loaded successfully - version: 4.0.5 - missing functions: none
symbol engine: initialized successfully - sym options: 0x614 - pdb path: .;C:\Program Files\Android\Android Studio\jbr\bin;C:\Windows\SYSTEM32;C:\Windows\WinSxS\amd64_microsoft.windows.common-controls_6595b64144ccf1df_6.0.18362.1500_none_9e79be6de462295c;C:\Program Files\Android\Android Studio\jbr\bin\server

VM Arguments:
java_command: git4idea.http.GitAskPassApp Username for 'https://github.com': 
java_class_path (initial): C:/Program Files/Android/Android Studio/plugins/vcs-git/lib/git4idea-rt.jar;C:/Program Files/Android/Android Studio/lib/externalProcess-rt.jar;C:/Program Files/Android/Android Studio/lib/app.jar;C:/Program Files/Android/Android Studio/lib/3rd-party-rt.jar
Launcher Type: SUN_STANDARD

[Global flags]
     intx CICompilerCount                          = 4                                         {product} {ergonomic}
     uint ConcGCThreads                            = 2                                         {product} {ergonomic}
     uint G1ConcRefinementThreads                  = 8                                         {product} {ergonomic}
   size_t G1HeapRegionSize                         = 2097152                                   {product} {ergonomic}
    uintx GCDrainStackTargetSize                   = 64                                        {product} {ergonomic}
   size_t InitialHeapSize                          = 266338304                                 {product} {ergonomic}
   size_t MarkStackSize                            = 4194304                                   {product} {ergonomic}
   size_t MaxHeapSize                              = 4261412864                                {product} {ergonomic}
   size_t MinHeapDeltaBytes                        = 2097152                                   {product} {ergonomic}
   size_t MinHeapSize                              = 8388608                                   {product} {ergonomic}
    uintx NonNMethodCodeHeapSize                   = 5839372                                {pd product} {ergonomic}
    uintx NonProfiledCodeHeapSize                  = 122909434                              {pd product} {ergonomic}
    uintx ProfiledCodeHeapSize                     = 122909434                              {pd product} {ergonomic}
    uintx ReservedCodeCacheSize                    = 251658240                              {pd product} {ergonomic}
     bool SegmentedCodeCache                       = true                                      {product} {ergonomic}
   size_t SoftMaxHeapSize                          = 4261412864                             {manageable} {ergonomic}
     bool UseCompressedClassPointers               = true                           {product lp64_product} {ergonomic}
     bool UseCompressedOops                        = true                           {product lp64_product} {ergonomic}
     bool UseG1GC                                  = true                                      {product} {ergonomic}
     bool UseLargePagesIndividualAllocation        = false                                  {pd product} {ergonomic}

Logging:
Log output configuration:
 #0: stdout all=warning uptime,level,tags
 #1: stderr all=off uptime,level,tags

Environment Variables:
PATH=C:\Progs\Git\mingw64\libexec\git-core;C:\Progs\Git\mingw64\libexec\git-core;C:\Progs\Git\mingw64\bin;C:\Progs\Git\usr\bin;C:\Users\Baytur\bin;C:\Program Files\Java\jdk-14.0.2\bin;C:\Windows\system32;C:\Windows;C:\Windows\System32\Wbem;C:\Windows\System32\WindowsPowerShell\v1.0;C:\Windows\System32\OpenSSH;C:\Program Files (x86)\Common Files\Acronis\SnapAPI;C:\Progs\bin;C:\Program Files (x86)\NVIDIA Corporation\PhysX\Common;C:\Program Files\NVIDIA Corporation\NVIDIA NvDLISR;C:\Progs\Git\cmd;C:\Users\Baytur\Desktop\python\Scripts;C:\Users\Baytur\Desktop\python;C:\Users\Baytur\AppData\Local\Programs\Python\Python38\Scripts;C:\Users\Baytur\AppData\Local\Programs\Python\Python38;C:\Users\Baytur\AppData\Local\Microsoft\WindowsApps;C:\Program Files\JetBrains\PyCharm Community Edition 2020.1.2\bin;C:\Users\Baytur\AppData\Local\Programs\Microsoft VS Code\bin;C:\Users\Baytur\go\bin;C:\Program Files\Java\jdk-14.0.2\bin;C:\Users\Baytur\AppData\Local\GitHubDesktop\bin
USERNAME=Baytur
DISPLAY=:0.0
LC_ALL=en_US.UTF-8
TERM=xterm-256color
TMPDIR=C:\Users\Baytur\AppData\Local\Temp
OS=Windows_NT
PROCESSOR_IDENTIFIER=Intel64 Family 6 Model 94 Stepping 3, GenuineIntel
TMP=C:\Users\Baytur\AppData\Local\Temp
TEMP=C:\Users\Baytur\AppData\Local\Temp


JNI global refs:

[error occurred during error reporting (JNI global references), id 0xc0000005, EXCEPTION_ACCESS_VIOLATION (0xc0000005) at pc=0x00007ff965bb7a10]


---------------  S Y S T E M  ---------------

OS:
 Windows 10 , 64 bit Build 18362 (10.0.18362.1500)
OS uptime: 1 days 5:25 hours
Hyper-V role detected

CPU: total 8 (initial active 8) (4 cores per cpu, 2 threads per core) family 6 model 94 stepping 3 microcode 0xd6, cx8, cmov, fxsr, ht, mmx, 3dnowpref, sse, sse2, sse3, ssse3, sse4.1, sse4.2, popcnt, lzcnt, tsc, tscinvbit, avx, avx2, aes, erms, clmul, bmi1, bmi2, rtm, adx, fma, vzeroupper, clflush, clflushopt, hv

Memory: 4k page, system-wide physical 16249M (3921M free)
TotalPageFile size 17273M (AvailPageFile size 161M)
current process WorkingSet (physical memory assigned to process): 10M, peak: 10M
current process commit charge ("private bytes"): 60M, peak: 314M

vm_info: OpenJDK 64-Bit Server VM (17.0.6+0-b2043.56-10027231) for windows-amd64 JRE (17.0.6+0-b2043.56-10027231), built on Apr 28 2023 00:43:19 by "androidbuild" with MS VC++ 16.10 / 16.11 (VS2019)

END.
